<?xml version="1.0" encoding="UTF-8"?>
<testng-results ignored="0" total="2" passed="2" failed="0" skipped="0">
  <reporter-output>
  </reporter-output>
  <suite started-at="2022-11-17T22:40:40Z" name="Surefire suite" finished-at="2022-11-17T22:40:51Z" duration-ms="10945">
    <groups>
    </groups>
    <test started-at="2022-11-17T22:40:40Z" name="Surefire test" finished-at="2022-11-17T22:40:51Z" duration-ms="10945">
      <class name="appTest.MyFirstTest">
        <test-method signature="AddPlace()" started-at="2022-11-17T22:40:40Z" name="AddPlace" finished-at="2022-11-17T22:40:45Z" duration-ms="5019" status="PASS">
          <reporter-output>
          </reporter-output>
        </test-method> <!-- AddPlace -->
        <test-method signature="AddPlaceUsingJson() throws java.io.IOException" started-at="2022-11-17T22:40:40Z" name="AddPlaceUsingJson" finished-at="2022-11-17T22:40:48Z" duration-ms="7967" status="PASS">
          <reporter-output>
          </reporter-output>
        </test-method> <!-- AddPlaceUsingJson -->
      </class> <!-- appTest.MyFirstTest -->
    </test> <!-- Surefire test -->
  </suite> <!-- Surefire suite -->
</testng-results>
