<?xml version="1.0" encoding="UTF-8"?>
<testsuite xmlns:xsi="http://www.w3.org/2001/XMLSchema-instance" xsi:noNamespaceSchemaLocation="https://maven.apache.org/surefire/maven-surefire-plugin/xsd/surefire-test-report.xsd" name="TestSuite" time="11.515" tests="2" errors="0" skipped="0" failures="0">
  <properties>
[...]
</properties>
  <testcase name="AddPlace on AddPlace(appTest.MyFirstTest)" classname="appTest.MyFirstTest" time="4.593"/>
  <testcase name="AddPlaceUsingJson on AddPlaceUsingJson(appTest.MyFirstTest)" classname="appTest.MyFirstTest" time="2.948"/>
</testsuite>