<?xml version="1.0" encoding="UTF-8"?>
<!-- Generated by org.testng.reporters.JUnitXMLReporter -->
<testsuite ignored="0" hostname="OKCL129" failures="0" tests="2" name="Surefire test" time="10.945" errors="0" timestamp="17 Nov 2022 22:40:51 GMT">
  <testcase classname="appTest.MyFirstTest" name="AddPlace on AddPlace(appTest.MyFirstTest)" time="5.019"/>
  <testcase classname="appTest.MyFirstTest" name="AddPlaceUsingJson on AddPlaceUsingJson(appTest.MyFirstTest)" time="7.967"/>
</testsuite> <!-- Surefire test -->
